{"C:\\Users\\ccaeybi\\dev\\sharepoint\\webpart-react\\src\\mapper\\OrganisationTreeMapper.ts": {"path":"C:\\Users\\ccaeybi\\dev\\sharepoint\\webpart-react\\src\\mapper\\OrganisationTreeMapper.ts","statementMap":{"0":{"start":{"line":2,"column":0},"end":{"line":2,"column":59}},"1":{"start":{"line":3,"column":0},"end":{"line":3,"column":75}},"2":{"start":{"line":4,"column":0},"end":{"line":4,"column":75}},"3":{"start":{"line":8,"column":0},"end":{"line":8,"column":13}},"4":{"start":{"line":10,"column":11},"end":{"line":33,"column":null}},"5":{"start":{"line":12,"column":33},"end":{"line":12,"column":54}},"6":{"start":{"line":13,"column":38},"end":{"line":13,"column":102}},"7":{"start":{"line":15,"column":6},"end":{"line":15,"column":62}},"8":{"start":{"line":16,"column":6},"end":{"line":16,"column":62}},"9":{"start":{"line":18,"column":6},"end":{"line":30,"column":null}},"10":{"start":{"line":18,"column":22},"end":{"line":18,"column":33}},"11":{"start":{"line":18,"column":18},"end":{"line":18,"column":22}},"12":{"start":{"line":19,"column":50},"end":{"line":19,"column":79}},"13":{"start":{"line":20,"column":8},"end":{"line":20,"column":40}},"14":{"start":{"line":21,"column":8},"end":{"line":21,"column":48}},"15":{"start":{"line":22,"column":8},"end":{"line":22,"column":38}},"16":{"start":{"line":23,"column":8},"end":{"line":23,"column":36}},"17":{"start":{"line":24,"column":8},"end":{"line":24,"column":62}},"18":{"start":{"line":25,"column":8},"end":{"line":25,"column":52}},"19":{"start":{"line":26,"column":8},"end":{"line":26,"column":36}},"20":{"start":{"line":27,"column":8},"end":{"line":27,"column":48}},"21":{"start":{"line":29,"column":8},"end":{"line":29,"column":42}},"22":{"start":{"line":32,"column":6},"end":{"line":32,"column":20}},"23":{"start":{"line":35,"column":11},"end":{"line":68,"column":null}},"24":{"start":{"line":36,"column":8},"end":{"line":36,"column":48}},"25":{"start":{"line":38,"column":22},"end":{"line":38,"column":38}},"26":{"start":{"line":40,"column":23},"end":{"line":40,"column":25}},"27":{"start":{"line":41,"column":28},"end":{"line":41,"column":30}},"28":{"start":{"line":43,"column":49},"end":{"line":43,"column":82}},"29":{"start":{"line":45,"column":8},"end":{"line":48,"column":null}},"30":{"start":{"line":45,"column":21},"end":{"line":45,"column":22}},"31":{"start":{"line":46,"column":10},"end":{"line":46,"column":41}},"32":{"start":{"line":47,"column":10},"end":{"line":47,"column":80}},"33":{"start":{"line":50,"column":8},"end":{"line":66,"column":null}},"34":{"start":{"line":50,"column":21},"end":{"line":50,"column":22}},"35":{"start":{"line":51,"column":10},"end":{"line":51,"column":49}},"36":{"start":{"line":53,"column":10},"end":{"line":65,"column":null}},"37":{"start":{"line":54,"column":51},"end":{"line":54,"column":83}},"38":{"start":{"line":55,"column":12},"end":{"line":55,"column":38}},"39":{"start":{"line":57,"column":51},"end":{"line":57,"column":70}},"40":{"start":{"line":58,"column":12},"end":{"line":58,"column":46}},"41":{"start":{"line":60,"column":12},"end":{"line":60,"column":66}},"42":{"start":{"line":61,"column":12},"end":{"line":61,"column":32}},"43":{"start":{"line":63,"column":12},"end":{"line":63,"column":43}},"44":{"start":{"line":64,"column":12},"end":{"line":64,"column":29}},"45":{"start":{"line":67,"column":8},"end":{"line":67,"column":21}},"46":{"start":{"line":70,"column":12},"end":{"line":85,"column":null}},"47":{"start":{"line":71,"column":43},"end":{"line":71,"column":72}},"48":{"start":{"line":72,"column":6},"end":{"line":72,"column":40}},"49":{"start":{"line":73,"column":6},"end":{"line":73,"column":27}},"50":{"start":{"line":74,"column":6},"end":{"line":74,"column":73}},"51":{"start":{"line":75,"column":6},"end":{"line":75,"column":60}},"52":{"start":{"line":76,"column":6},"end":{"line":76,"column":48}},"53":{"start":{"line":77,"column":6},"end":{"line":77,"column":38}},"54":{"start":{"line":78,"column":6},"end":{"line":78,"column":36}},"55":{"start":{"line":79,"column":6},"end":{"line":79,"column":62}},"56":{"start":{"line":80,"column":6},"end":{"line":80,"column":52}},"57":{"start":{"line":81,"column":6},"end":{"line":81,"column":36}},"58":{"start":{"line":82,"column":6},"end":{"line":82,"column":48}},"59":{"start":{"line":84,"column":6},"end":{"line":84,"column":22}},"60":{"start":{"line":86,"column":0},"end":{"line":86,"column":null}},"61":{"start":{"line":8,"column":13},"end":{"line":8,"column":35}}},"fnMap":{"0":{"name":"(anonymous_0)","decl":{"start":{"line":8,"column":0},"end":{"line":8,"column":13}},"loc":{"start":{"line":8,"column":0},"end":{"line":86,"column":null}}},"1":{"name":"(anonymous_2)","decl":{"start":{"line":10,"column":4},"end":{"line":10,"column":11}},"loc":{"start":{"line":10,"column":52},"end":{"line":33,"column":5}}},"2":{"name":"(anonymous_3)","decl":{"start":{"line":35,"column":4},"end":{"line":35,"column":11}},"loc":{"start":{"line":35,"column":41},"end":{"line":68,"column":5}}},"3":{"name":"(anonymous_4)","decl":{"start":{"line":70,"column":4},"end":{"line":70,"column":12}},"loc":{"start":{"line":70,"column":62},"end":{"line":85,"column":3}}}},"branchMap":{"0":{"loc":{"start":{"line":53,"column":10},"end":{"line":65,"column":null}},"type":"if","locations":[{"start":{"line":53,"column":10},"end":{"line":65,"column":null}},{"start":{"line":62,"column":17},"end":{"line":65,"column":null}}]}},"s":{"0":1,"1":1,"2":1,"3":1,"4":1,"5":1,"6":1,"7":1,"8":1,"9":1,"10":2,"11":3,"12":3,"13":3,"14":3,"15":3,"16":3,"17":3,"18":3,"19":3,"20":3,"21":3,"22":1,"23":1,"24":0,"25":0,"26":0,"27":0,"28":0,"29":0,"30":0,"31":0,"32":0,"33":0,"34":0,"35":0,"36":0,"37":0,"38":0,"39":0,"40":0,"41":0,"42":0,"43":0,"44":0,"45":0,"46":1,"47":0,"48":0,"49":0,"50":0,"51":0,"52":0,"53":0,"54":0,"55":0,"56":0,"57":0,"58":0,"59":0,"60":1,"61":1},"f":{"0":2,"1":1,"2":0,"3":0},"b":{"0":[0,0]}}
,"C:\\Users\\ccaeybi\\dev\\sharepoint\\webpart-react\\src\\model\\UclFlatOrganisationItem.ts": {"path":"C:\\Users\\ccaeybi\\dev\\sharepoint\\webpart-react\\src\\model\\UclFlatOrganisationItem.ts","statementMap":{"0":{"start":{"line":3,"column":0},"end":{"line":3,"column":13}},"1":{"start":{"line":12,"column":0},"end":{"line":12,"column":null}},"2":{"start":{"line":3,"column":13},"end":{"line":3,"column":36}}},"fnMap":{"0":{"name":"(anonymous_0)","decl":{"start":{"line":3,"column":0},"end":{"line":3,"column":13}},"loc":{"start":{"line":3,"column":0},"end":{"line":12,"column":null}}}},"branchMap":{},"s":{"0":1,"1":1,"2":1},"f":{"0":4},"b":{}}
,"C:\\Users\\ccaeybi\\dev\\sharepoint\\webpart-react\\src\\model\\UclOrganisation.ts": {"path":"C:\\Users\\ccaeybi\\dev\\sharepoint\\webpart-react\\src\\model\\UclOrganisation.ts","statementMap":{"0":{"start":{"line":5,"column":0},"end":{"line":5,"column":13}},"1":{"start":{"line":8,"column":0},"end":{"line":8,"column":null}},"2":{"start":{"line":5,"column":13},"end":{"line":5,"column":28}}},"fnMap":{"0":{"name":"(anonymous_0)","decl":{"start":{"line":5,"column":0},"end":{"line":5,"column":13}},"loc":{"start":{"line":5,"column":0},"end":{"line":8,"column":null}}}},"branchMap":{},"s":{"0":1,"1":1,"2":1},"f":{"0":2},"b":{}}
,"C:\\Users\\ccaeybi\\dev\\sharepoint\\webpart-react\\src\\model\\UclTreeOrganisationItem.ts": {"path":"C:\\Users\\ccaeybi\\dev\\sharepoint\\webpart-react\\src\\model\\UclTreeOrganisationItem.ts","statementMap":{"0":{"start":{"line":3,"column":0},"end":{"line":3,"column":13}},"1":{"start":{"line":15,"column":0},"end":{"line":15,"column":null}},"2":{"start":{"line":3,"column":13},"end":{"line":3,"column":36}}},"fnMap":{"0":{"name":"(anonymous_0)","decl":{"start":{"line":3,"column":0},"end":{"line":3,"column":13}},"loc":{"start":{"line":3,"column":0},"end":{"line":15,"column":null}}}},"branchMap":{},"s":{"0":1,"1":1,"2":1},"f":{"0":1},"b":{}}
}
